09:31:36 **** Incremental Build of configuration Nios II for project final ****
make all 
Info: Building ../final_bsp/
D:/Quartus/Setup/nios2eds/bin/gnu/H-x86_64-mingw32/bin/make --no-print-directory -C ../final_bsp/
[BSP build complete]
[final build complete]
09:31:47 **** Build of configuration Nios II for project final ****
make all 
Info: Building ../final_bsp/
D:/Quartus/Setup/nios2eds/bin/gnu/H-x86_64-mingw32/bin/make --no-print-directory -C ../final_bsp/
[BSP build complete]
[final build complete]
09:31:48 **** Incremental Build of configuration Nios II for project final ****
make all 
Info: Building ../final_bsp/
D:/Quartus/Setup/nios2eds/bin/gnu/H-x86_64-mingw32/bin/make --no-print-directory -C ../final_bsp/
[BSP build complete]
[final build complete]
09:33:45 **** Build of configuration Nios II for project final ****
make all 
Info: Building ../final_bsp/
D:/Quartus/Setup/nios2eds/bin/gnu/H-x86_64-mingw32/bin/make --no-print-directory -C ../final_bsp/
[BSP build complete]
[final build complete]
09:33:46 **** Incremental Build of configuration Nios II for project final ****
make all 
Info: Building ../final_bsp/
D:/Quartus/Setup/nios2eds/bin/gnu/H-x86_64-mingw32/bin/make --no-print-directory -C ../final_bsp/
[BSP build complete]
[final build complete]
09:35:54 **** Build of configuration Nios II for project final ****
make all 
Info: Building ../final_bsp/
D:/Quartus/Setup/nios2eds/bin/gnu/H-x86_64-mingw32/bin/make --no-print-directory -C ../final_bsp/
[BSP build complete]
[final build complete]
09:35:55 **** Incremental Build of configuration Nios II for project final ****
make all 
Info: Building ../final_bsp/
D:/Quartus/Setup/nios2eds/bin/gnu/H-x86_64-mingw32/bin/make --no-print-directory -C ../final_bsp/
[BSP build complete]
[final build complete]
